<?xml version="1.0" encoding="UTF-8"?>
<!-- Generated by org.testng.reporters.JUnitXMLReporter -->
<testsuite ignored="0" hostname="DESKTOP-C0UTJV6" failures="0" tests="1" name="Surefire test" time="33.032" errors="0" timestamp="2025-11-15T15:22:55 IST">
  <testcase classname="login.LoginTest" name="@BeforeMethod init" time="0.006">
    <failure type="java.lang.NullPointerException" message="Cannot invoke &amp;quot;com.microsoft.playwright.Page.locator(String)&amp;quot; because &amp;quot;page&amp;quot; is null">
      <![CDATA[java.lang.NullPointerException: Cannot invoke "com.microsoft.playwright.Page.locator(String)" because "page" is null
at login.LoginLocators.<init>(LoginLocators.java:14)
at login.LoginTest.init(LoginTest.java:14)
at java.base/java.util.ArrayList.forEach(ArrayList.java:1604)
... Removed 34 stack frames]]>
    </failure>
  </testcase> <!-- @BeforeMethod init -->
  <testcase classname="login.LoginTest" name="test1" time="0.0">
    <skipped/>
  </testcase> <!-- test1 -->
</testsuite> <!-- Surefire test -->
